Using pre-set license
Built from '2020.2/release' branch; Version is '2020.2.0f1 (3721df5a8b28) revision 3613151'; Using compiler version '192528614'; Build Type 'Release'
OS: 'Windows 10  (10.0.0) 64bit' Language: 'hu' Physical Memory: 8059 MB
BatchMode: 1, IsHumanControllingUs: 0, StartBugReporterOnCrash: 0, Is64bit: 1, IsPro: 0

 COMMAND LINE ARGUMENTS:
C:\Program Files\unity\2020.2.0f1\Editor\Unity.exe
-adb2
-batchMode
-noUpm
-name
AssetImportWorker0
-projectPath
F:/Suli/5.felev/MobileApp/MobileApp
-logFile
Logs/AssetImportWorker0.log
-srvPort
58045
Successfully changed project path to: F:/Suli/5.felev/MobileApp/MobileApp
F:/Suli/5.felev/MobileApp/MobileApp
Using Asset Import Pipeline V2.
Refreshing native plugins compatible for Editor in 55.00 ms, found 1 plugins.
Preloading 0 native plugins for Editor in 0.00 ms.
Initialize engine version: 2020.2.0f1 (3721df5a8b28)
[Subsystems] Discovering subsystems at path C:/Program Files/unity/2020.2.0f1/Editor/Data/Resources/UnitySubsystems
[Subsystems] Discovering subsystems at path F:/Suli/5.felev/MobileApp/MobileApp/Assets
GfxDevice: creating device client; threaded=0
Direct3D:
    Version:  Direct3D 11.0 [level 11.1]
    Renderer: NVIDIA GeForce GTX 1050 Ti (ID=0x1c82)
    Vendor:   
    VRAM:     4018 MB
    Driver:   27.21.14.5671
Initialize mono
Mono path[0] = 'C:/Program Files/unity/2020.2.0f1/Editor/Data/Managed'
Mono path[1] = 'C:/Program Files/unity/2020.2.0f1/Editor/Data/MonoBleedingEdge/lib/mono/unityjit'
Mono config path = 'C:/Program Files/unity/2020.2.0f1/Editor/Data/MonoBleedingEdge/etc'
Using monoOptions --debugger-agent=transport=dt_socket,embedding=1,server=y,suspend=n,address=127.0.0.1:56540
Begin MonoManager ReloadAssembly
Registering precompiled unity dll's ...
Register platform support module: C:/Program Files/unity/2020.2.0f1/Editor/Data/PlaybackEngines/WebGLSupport/UnityEditor.WebGL.Extensions.dll
Register platform support module: C:/Program Files/unity/2020.2.0f1/Editor/Data/PlaybackEngines/WindowsStandaloneSupport/UnityEditor.WindowsStandalone.Extensions.dll
Registered in 0.002652 seconds.
Native extension for WindowsStandalone target not found
Native extension for WebGL target not found
Refreshing native plugins compatible for Editor in 67.97 ms, found 1 plugins.
Preloading 0 native plugins for Editor in 0.00 ms.
Invoked RoslynAnalysisRunner static constructor.
RoslynAnalysisRunner will not be running.
RoslynAnalysisRunner has terminated.
Mono: successfully reloaded assembly
- Completed reload, in  2.595 seconds
Platform modules already initialized, skipping
Registering precompiled user dll's ...
Registered in 0.001481 seconds.
Begin MonoManager ReloadAssembly
Error: Could not load signature of Unity.Android.Logcat.AndroidLogcat:.ctor due to: Could not load file or assembly 'UnityEditor.Android.Extensions, Version=1.0.0.0, Culture=neutral, PublicKeyToken=null' or one of its dependencies. assembly:UnityEditor.Android.Extensions, Version=1.0.0.0, Culture=neutral, PublicKeyToken=null type:<unknown type> member:(null) signature:<none>

Unloading broken assembly Library/ScriptAssemblies/Unity.Mobile.AndroidLogcat.Editor.dll, this assembly can cause crashes in the runtime

Native extension for WindowsStandalone target not found
Native extension for WebGL target not found
Refreshing native plugins compatible for Editor in 89.12 ms, found 1 plugins.
Preloading 0 native plugins for Editor in 0.00 ms.
Invoked RoslynAnalysisRunner static constructor.
RoslynAnalysisRunner will not be running.
RoslynAnalysisRunner has terminated.
Mono: successfully reloaded assembly
- Completed reload, in  1.923 seconds
Platform modules already initialized, skipping
========================================================================
Worker process is ready to serve import requests
Launched and connected shader compiler UnityShaderCompiler.exe after 0.04 seconds
Refreshing native plugins compatible for Editor in 0.68 ms, found 1 plugins.
Preloading 0 native plugins for Editor in 0.00 ms.
Unloading 1938 Unused Serialized files (Serialized files now loaded: 0)
System memory in use before: 89.6 MB.
System memory in use after: 89.5 MB.

Unloading 37 unused Assets to reduce memory usage. Loaded Objects now: 2365.
Total: 2.465100 ms (FindLiveObjects: 0.256800 ms CreateObjectMapping: 0.114500 ms MarkObjects: 1.932700 ms  DeleteObjects: 0.159300 ms)

========================================================================
Received Import Request.
  path: Assets/Scripts/Points.cs
  artifactKey: Guid(8889c7e8443cf0e42a7c7747be5e2dae) Importer(815301076,1909f56bfc062723c751e8b465ee728b)
Start importing Assets/Scripts/Points.cs using Guid(8889c7e8443cf0e42a7c7747be5e2dae) Importer(815301076,1909f56bfc062723c751e8b465ee728b)  -> (artifact id: '963ec839e391bb566205c08738f9806b') in 0.094068 seconds
  Import took 0.134625 seconds .

========================================================================
Received Prepare
Refreshing native plugins compatible for Editor in 5.37 ms, found 1 plugins.
Preloading 0 native plugins for Editor in 0.00 ms.
Unloading 23 Unused Serialized files (Serialized files now loaded: 0)
System memory in use before: 50.9 MB.
System memory in use after: 50.9 MB.

Unloading 23 unused Assets to reduce memory usage. Loaded Objects now: 2365.
Total: 2.798000 ms (FindLiveObjects: 0.236000 ms CreateObjectMapping: 0.094600 ms MarkObjects: 2.321400 ms  DeleteObjects: 0.145300 ms)

========================================================================
Received Prepare
Registering precompiled user dll's ...
Registered in 0.001419 seconds.
Begin MonoManager ReloadAssembly
Error: Could not load signature of Unity.Android.Logcat.AndroidLogcat:.ctor due to: Could not load file or assembly 'UnityEditor.Android.Extensions, Version=1.0.0.0, Culture=neutral, PublicKeyToken=null' or one of its dependencies. assembly:UnityEditor.Android.Extensions, Version=1.0.0.0, Culture=neutral, PublicKeyToken=null type:<unknown type> member:(null) signature:<none>

Unloading broken assembly Library/ScriptAssemblies/Unity.Mobile.AndroidLogcat.Editor.dll, this assembly can cause crashes in the runtime

Native extension for WindowsStandalone target not found
Native extension for WebGL target not found
Refreshing native plugins compatible for Editor in 0.52 ms, found 1 plugins.
Preloading 0 native plugins for Editor in 0.00 ms.
Invoked RoslynAnalysisRunner static constructor.
RoslynAnalysisRunner will not be running.
RoslynAnalysisRunner has terminated.
Mono: successfully reloaded assembly
- Completed reload, in  0.982 seconds
Platform modules already initialized, skipping
Refreshing native plugins compatible for Editor in 0.81 ms, found 1 plugins.
Preloading 0 native plugins for Editor in 0.00 ms.
Unloading 1922 Unused Serialized files (Serialized files now loaded: 0)
System memory in use before: 88.9 MB.
System memory in use after: 88.9 MB.

Unloading 25 unused Assets to reduce memory usage. Loaded Objects now: 2368.
Total: 7.798600 ms (FindLiveObjects: 0.889100 ms CreateObjectMapping: 0.184900 ms MarkObjects: 6.537400 ms  DeleteObjects: 0.185000 ms)

========================================================================
Received Prepare
Registering precompiled user dll's ...
Registered in 0.001246 seconds.
Begin MonoManager ReloadAssembly
Error: Could not load signature of Unity.Android.Logcat.AndroidLogcat:.ctor due to: Could not load file or assembly 'UnityEditor.Android.Extensions, Version=1.0.0.0, Culture=neutral, PublicKeyToken=null' or one of its dependencies. assembly:UnityEditor.Android.Extensions, Version=1.0.0.0, Culture=neutral, PublicKeyToken=null type:<unknown type> member:(null) signature:<none>

Unloading broken assembly Library/ScriptAssemblies/Unity.Mobile.AndroidLogcat.Editor.dll, this assembly can cause crashes in the runtime

Native extension for WindowsStandalone target not found
Native extension for WebGL target not found
Refreshing native plugins compatible for Editor in 0.50 ms, found 1 plugins.
Preloading 0 native plugins for Editor in 0.00 ms.
Invoked RoslynAnalysisRunner static constructor.
RoslynAnalysisRunner will not be running.
RoslynAnalysisRunner has terminated.
Mono: successfully reloaded assembly
- Completed reload, in  1.021 seconds
Platform modules already initialized, skipping
Refreshing native plugins compatible for Editor in 0.54 ms, found 1 plugins.
Preloading 0 native plugins for Editor in 0.00 ms.
Unloading 1923 Unused Serialized files (Serialized files now loaded: 0)
System memory in use before: 89.1 MB.
System memory in use after: 89.1 MB.

Unloading 25 unused Assets to reduce memory usage. Loaded Objects now: 2371.
Total: 2.498400 ms (FindLiveObjects: 0.274200 ms CreateObjectMapping: 0.082700 ms MarkObjects: 1.998000 ms  DeleteObjects: 0.142100 ms)

========================================================================
Received Prepare
Registering precompiled user dll's ...
Registered in 0.001315 seconds.
Begin MonoManager ReloadAssembly
Error: Could not load signature of Unity.Android.Logcat.AndroidLogcat:.ctor due to: Could not load file or assembly 'UnityEditor.Android.Extensions, Version=1.0.0.0, Culture=neutral, PublicKeyToken=null' or one of its dependencies. assembly:UnityEditor.Android.Extensions, Version=1.0.0.0, Culture=neutral, PublicKeyToken=null type:<unknown type> member:(null) signature:<none>

Unloading broken assembly Library/ScriptAssemblies/Unity.Mobile.AndroidLogcat.Editor.dll, this assembly can cause crashes in the runtime

Native extension for WindowsStandalone target not found
Native extension for WebGL target not found
Refreshing native plugins compatible for Editor in 0.53 ms, found 1 plugins.
Preloading 0 native plugins for Editor in 0.01 ms.
Invoked RoslynAnalysisRunner static constructor.
RoslynAnalysisRunner will not be running.
RoslynAnalysisRunner has terminated.
Mono: successfully reloaded assembly
- Completed reload, in  1.048 seconds
Platform modules already initialized, skipping
Refreshing native plugins compatible for Editor in 0.56 ms, found 1 plugins.
Preloading 0 native plugins for Editor in 0.00 ms.
Unloading 1923 Unused Serialized files (Serialized files now loaded: 0)
System memory in use before: 89.2 MB.
System memory in use after: 89.2 MB.

Unloading 25 unused Assets to reduce memory usage. Loaded Objects now: 2374.
Total: 3.208000 ms (FindLiveObjects: 0.720600 ms CreateObjectMapping: 0.163300 ms MarkObjects: 2.162700 ms  DeleteObjects: 0.157400 ms)

========================================================================
Received Prepare
Registering precompiled user dll's ...
Registered in 0.001221 seconds.
Begin MonoManager ReloadAssembly
Error: Could not load signature of Unity.Android.Logcat.AndroidLogcat:.ctor due to: Could not load file or assembly 'UnityEditor.Android.Extensions, Version=1.0.0.0, Culture=neutral, PublicKeyToken=null' or one of its dependencies. assembly:UnityEditor.Android.Extensions, Version=1.0.0.0, Culture=neutral, PublicKeyToken=null type:<unknown type> member:(null) signature:<none>

Unloading broken assembly Library/ScriptAssemblies/Unity.Mobile.AndroidLogcat.Editor.dll, this assembly can cause crashes in the runtime

Native extension for WindowsStandalone target not found
Native extension for WebGL target not found
Refreshing native plugins compatible for Editor in 0.50 ms, found 1 plugins.
Preloading 0 native plugins for Editor in 0.00 ms.
Invoked RoslynAnalysisRunner static constructor.
RoslynAnalysisRunner will not be running.
RoslynAnalysisRunner has terminated.
Mono: successfully reloaded assembly
- Completed reload, in  1.040 seconds
Platform modules already initialized, skipping
Refreshing native plugins compatible for Editor in 0.62 ms, found 1 plugins.
Preloading 0 native plugins for Editor in 0.00 ms.
Unloading 1923 Unused Serialized files (Serialized files now loaded: 0)
System memory in use before: 89.4 MB.
System memory in use after: 89.4 MB.

Unloading 25 unused Assets to reduce memory usage. Loaded Objects now: 2377.
Total: 2.228100 ms (FindLiveObjects: 0.205500 ms CreateObjectMapping: 0.073800 ms MarkObjects: 1.791800 ms  DeleteObjects: 0.156000 ms)

========================================================================
Received Prepare
Registering precompiled user dll's ...
Registered in 0.001180 seconds.
Begin MonoManager ReloadAssembly
Error: Could not load signature of Unity.Android.Logcat.AndroidLogcat:.ctor due to: Could not load file or assembly 'UnityEditor.Android.Extensions, Version=1.0.0.0, Culture=neutral, PublicKeyToken=null' or one of its dependencies. assembly:UnityEditor.Android.Extensions, Version=1.0.0.0, Culture=neutral, PublicKeyToken=null type:<unknown type> member:(null) signature:<none>

Unloading broken assembly Library/ScriptAssemblies/Unity.Mobile.AndroidLogcat.Editor.dll, this assembly can cause crashes in the runtime

Native extension for WindowsStandalone target not found
Native extension for WebGL target not found
Refreshing native plugins compatible for Editor in 0.48 ms, found 1 plugins.
Preloading 0 native plugins for Editor in 0.00 ms.
Invoked RoslynAnalysisRunner static constructor.
RoslynAnalysisRunner will not be running.
RoslynAnalysisRunner has terminated.
Mono: successfully reloaded assembly
- Completed reload, in  1.007 seconds
Platform modules already initialized, skipping
Refreshing native plugins compatible for Editor in 0.57 ms, found 1 plugins.
Preloading 0 native plugins for Editor in 0.00 ms.
Unloading 1923 Unused Serialized files (Serialized files now loaded: 0)
System memory in use before: 89.5 MB.
System memory in use after: 89.5 MB.

Unloading 25 unused Assets to reduce memory usage. Loaded Objects now: 2380.
Total: 2.650500 ms (FindLiveObjects: 0.389800 ms CreateObjectMapping: 0.126600 ms MarkObjects: 1.981900 ms  DeleteObjects: 0.150700 ms)

========================================================================
Received Prepare
Registering precompiled user dll's ...
Registered in 0.001216 seconds.
Begin MonoManager ReloadAssembly
Error: Could not load signature of Unity.Android.Logcat.AndroidLogcat:.ctor due to: Could not load file or assembly 'UnityEditor.Android.Extensions, Version=1.0.0.0, Culture=neutral, PublicKeyToken=null' or one of its dependencies. assembly:UnityEditor.Android.Extensions, Version=1.0.0.0, Culture=neutral, PublicKeyToken=null type:<unknown type> member:(null) signature:<none>

Unloading broken assembly Library/ScriptAssemblies/Unity.Mobile.AndroidLogcat.Editor.dll, this assembly can cause crashes in the runtime

Native extension for WindowsStandalone target not found
Native extension for WebGL target not found
Refreshing native plugins compatible for Editor in 0.51 ms, found 1 plugins.
Preloading 0 native plugins for Editor in 0.00 ms.
Invoked RoslynAnalysisRunner static constructor.
RoslynAnalysisRunner will not be running.
RoslynAnalysisRunner has terminated.
Mono: successfully reloaded assembly
- Completed reload, in  1.052 seconds
Platform modules already initialized, skipping
Refreshing native plugins compatible for Editor in 0.55 ms, found 1 plugins.
Preloading 0 native plugins for Editor in 0.00 ms.
Unloading 1923 Unused Serialized files (Serialized files now loaded: 0)
System memory in use before: 89.7 MB.
System memory in use after: 89.7 MB.

Unloading 25 unused Assets to reduce memory usage. Loaded Objects now: 2383.
Total: 2.343700 ms (FindLiveObjects: 0.268200 ms CreateObjectMapping: 0.115600 ms MarkObjects: 1.752000 ms  DeleteObjects: 0.206900 ms)

========================================================================
Received Prepare
Registering precompiled user dll's ...
Registered in 0.001903 seconds.
Begin MonoManager ReloadAssembly
Error: Could not load signature of Unity.Android.Logcat.AndroidLogcat:.ctor due to: Could not load file or assembly 'UnityEditor.Android.Extensions, Version=1.0.0.0, Culture=neutral, PublicKeyToken=null' or one of its dependencies. assembly:UnityEditor.Android.Extensions, Version=1.0.0.0, Culture=neutral, PublicKeyToken=null type:<unknown type> member:(null) signature:<none>

Unloading broken assembly Library/ScriptAssemblies/Unity.Mobile.AndroidLogcat.Editor.dll, this assembly can cause crashes in the runtime

Native extension for WindowsStandalone target not found
Native extension for WebGL target not found
Refreshing native plugins compatible for Editor in 0.54 ms, found 1 plugins.
Preloading 0 native plugins for Editor in 0.00 ms.
Invoked RoslynAnalysisRunner static constructor.
RoslynAnalysisRunner will not be running.
RoslynAnalysisRunner has terminated.
Mono: successfully reloaded assembly
- Completed reload, in  1.063 seconds
Platform modules already initialized, skipping
Refreshing native plugins compatible for Editor in 0.57 ms, found 1 plugins.
Preloading 0 native plugins for Editor in 0.00 ms.
Unloading 1923 Unused Serialized files (Serialized files now loaded: 0)
System memory in use before: 89.7 MB.
System memory in use after: 89.7 MB.

Unloading 25 unused Assets to reduce memory usage. Loaded Objects now: 2386.
Total: 2.384800 ms (FindLiveObjects: 0.241400 ms CreateObjectMapping: 0.079500 ms MarkObjects: 1.904000 ms  DeleteObjects: 0.159100 ms)

========================================================================
Received Prepare
Registering precompiled user dll's ...
Registered in 0.001245 seconds.
Begin MonoManager ReloadAssembly
Error: Could not load signature of Unity.Android.Logcat.AndroidLogcat:.ctor due to: Could not load file or assembly 'UnityEditor.Android.Extensions, Version=1.0.0.0, Culture=neutral, PublicKeyToken=null' or one of its dependencies. assembly:UnityEditor.Android.Extensions, Version=1.0.0.0, Culture=neutral, PublicKeyToken=null type:<unknown type> member:(null) signature:<none>

Unloading broken assembly Library/ScriptAssemblies/Unity.Mobile.AndroidLogcat.Editor.dll, this assembly can cause crashes in the runtime

Native extension for WindowsStandalone target not found
Native extension for WebGL target not found
Refreshing native plugins compatible for Editor in 0.50 ms, found 1 plugins.
Preloading 0 native plugins for Editor in 0.00 ms.
Invoked RoslynAnalysisRunner static constructor.
RoslynAnalysisRunner will not be running.
RoslynAnalysisRunner has terminated.
Mono: successfully reloaded assembly
- Completed reload, in  1.053 seconds
Platform modules already initialized, skipping
Refreshing native plugins compatible for Editor in 0.55 ms, found 1 plugins.
Preloading 0 native plugins for Editor in 0.00 ms.
Unloading 1923 Unused Serialized files (Serialized files now loaded: 0)
System memory in use before: 90.1 MB.
System memory in use after: 90.1 MB.

Unloading 25 unused Assets to reduce memory usage. Loaded Objects now: 2389.
Total: 2.493500 ms (FindLiveObjects: 0.287000 ms CreateObjectMapping: 0.141000 ms MarkObjects: 1.891200 ms  DeleteObjects: 0.172300 ms)

========================================================================
Received Prepare
Registering precompiled user dll's ...
Registered in 0.001289 seconds.
Begin MonoManager ReloadAssembly
Error: Could not load signature of Unity.Android.Logcat.AndroidLogcat:.ctor due to: Could not load file or assembly 'UnityEditor.Android.Extensions, Version=1.0.0.0, Culture=neutral, PublicKeyToken=null' or one of its dependencies. assembly:UnityEditor.Android.Extensions, Version=1.0.0.0, Culture=neutral, PublicKeyToken=null type:<unknown type> member:(null) signature:<none>

Unloading broken assembly Library/ScriptAssemblies/Unity.Mobile.AndroidLogcat.Editor.dll, this assembly can cause crashes in the runtime

Native extension for WindowsStandalone target not found
Native extension for WebGL target not found
Refreshing native plugins compatible for Editor in 0.52 ms, found 1 plugins.
Preloading 0 native plugins for Editor in 0.00 ms.
Invoked RoslynAnalysisRunner static constructor.
RoslynAnalysisRunner will not be running.
RoslynAnalysisRunner has terminated.
Mono: successfully reloaded assembly
- Completed reload, in  1.041 seconds
Platform modules already initialized, skipping
Refreshing native plugins compatible for Editor in 0.61 ms, found 1 plugins.
Preloading 0 native plugins for Editor in 0.00 ms.
Unloading 1923 Unused Serialized files (Serialized files now loaded: 0)
System memory in use before: 90.2 MB.
System memory in use after: 90.2 MB.

Unloading 25 unused Assets to reduce memory usage. Loaded Objects now: 2392.
Total: 2.611700 ms (FindLiveObjects: 0.305700 ms CreateObjectMapping: 0.141800 ms MarkObjects: 1.906600 ms  DeleteObjects: 0.241200 ms)

========================================================================
Received Prepare
Registering precompiled user dll's ...
Registered in 0.001757 seconds.
Begin MonoManager ReloadAssembly
Error: Could not load signature of Unity.Android.Logcat.AndroidLogcat:.ctor due to: Could not load file or assembly 'UnityEditor.Android.Extensions, Version=1.0.0.0, Culture=neutral, PublicKeyToken=null' or one of its dependencies. assembly:UnityEditor.Android.Extensions, Version=1.0.0.0, Culture=neutral, PublicKeyToken=null type:<unknown type> member:(null) signature:<none>

Unloading broken assembly Library/ScriptAssemblies/Unity.Mobile.AndroidLogcat.Editor.dll, this assembly can cause crashes in the runtime

Native extension for WindowsStandalone target not found
Native extension for WebGL target not found
Refreshing native plugins compatible for Editor in 0.70 ms, found 1 plugins.
Preloading 0 native plugins for Editor in 0.00 ms.
Invoked RoslynAnalysisRunner static constructor.
RoslynAnalysisRunner will not be running.
RoslynAnalysisRunner has terminated.
Mono: successfully reloaded assembly
- Completed reload, in  1.067 seconds
Platform modules already initialized, skipping
Refreshing native plugins compatible for Editor in 0.56 ms, found 1 plugins.
Preloading 0 native plugins for Editor in 0.00 ms.
Unloading 1923 Unused Serialized files (Serialized files now loaded: 0)
System memory in use before: 90.4 MB.
System memory in use after: 90.4 MB.

Unloading 25 unused Assets to reduce memory usage. Loaded Objects now: 2395.
Total: 2.309100 ms (FindLiveObjects: 0.233200 ms CreateObjectMapping: 0.076400 ms MarkObjects: 1.819800 ms  DeleteObjects: 0.178800 ms)

========================================================================
Received Prepare
Registering precompiled user dll's ...
Registered in 0.001194 seconds.
Begin MonoManager ReloadAssembly
Error: Could not load signature of Unity.Android.Logcat.AndroidLogcat:.ctor due to: Could not load file or assembly 'UnityEditor.Android.Extensions, Version=1.0.0.0, Culture=neutral, PublicKeyToken=null' or one of its dependencies. assembly:UnityEditor.Android.Extensions, Version=1.0.0.0, Culture=neutral, PublicKeyToken=null type:<unknown type> member:(null) signature:<none>

Unloading broken assembly Library/ScriptAssemblies/Unity.Mobile.AndroidLogcat.Editor.dll, this assembly can cause crashes in the runtime

Native extension for WindowsStandalone target not found
Native extension for WebGL target not found
Refreshing native plugins compatible for Editor in 0.57 ms, found 1 plugins.
Preloading 0 native plugins for Editor in 0.00 ms.
Invoked RoslynAnalysisRunner static constructor.
RoslynAnalysisRunner will not be running.
RoslynAnalysisRunner has terminated.
Mono: successfully reloaded assembly
- Completed reload, in  1.214 seconds
Platform modules already initialized, skipping
Refreshing native plugins compatible for Editor in 0.56 ms, found 1 plugins.
Preloading 0 native plugins for Editor in 0.00 ms.
Unloading 1923 Unused Serialized files (Serialized files now loaded: 0)
System memory in use before: 90.5 MB.
System memory in use after: 90.5 MB.

Unloading 25 unused Assets to reduce memory usage. Loaded Objects now: 2398.
Total: 4.956900 ms (FindLiveObjects: 0.386800 ms CreateObjectMapping: 0.218700 ms MarkObjects: 4.130100 ms  DeleteObjects: 0.220000 ms)

========================================================================
Received Prepare
Registering precompiled user dll's ...
Registered in 0.001178 seconds.
Begin MonoManager ReloadAssembly
Error: Could not load signature of Unity.Android.Logcat.AndroidLogcat:.ctor due to: Could not load file or assembly 'UnityEditor.Android.Extensions, Version=1.0.0.0, Culture=neutral, PublicKeyToken=null' or one of its dependencies. assembly:UnityEditor.Android.Extensions, Version=1.0.0.0, Culture=neutral, PublicKeyToken=null type:<unknown type> member:(null) signature:<none>

Unloading broken assembly Library/ScriptAssemblies/Unity.Mobile.AndroidLogcat.Editor.dll, this assembly can cause crashes in the runtime

Native extension for WindowsStandalone target not found
Native extension for WebGL target not found
Refreshing native plugins compatible for Editor in 0.50 ms, found 1 plugins.
Preloading 0 native plugins for Editor in 0.00 ms.
Invoked RoslynAnalysisRunner static constructor.
RoslynAnalysisRunner will not be running.
RoslynAnalysisRunner has terminated.
Mono: successfully reloaded assembly
- Completed reload, in  1.095 seconds
Platform modules already initialized, skipping
Refreshing native plugins compatible for Editor in 0.55 ms, found 1 plugins.
Preloading 0 native plugins for Editor in 0.00 ms.
Unloading 1923 Unused Serialized files (Serialized files now loaded: 0)
System memory in use before: 90.6 MB.
System memory in use after: 90.6 MB.

Unloading 25 unused Assets to reduce memory usage. Loaded Objects now: 2401.
Total: 2.415400 ms (FindLiveObjects: 0.244600 ms CreateObjectMapping: 0.077800 ms MarkObjects: 1.922600 ms  DeleteObjects: 0.169400 ms)

========================================================================
Received Prepare
Registering precompiled user dll's ...
Registered in 0.001359 seconds.
Begin MonoManager ReloadAssembly
Error: Could not load signature of Unity.Android.Logcat.AndroidLogcat:.ctor due to: Could not load file or assembly 'UnityEditor.Android.Extensions, Version=1.0.0.0, Culture=neutral, PublicKeyToken=null' or one of its dependencies. assembly:UnityEditor.Android.Extensions, Version=1.0.0.0, Culture=neutral, PublicKeyToken=null type:<unknown type> member:(null) signature:<none>

Unloading broken assembly Library/ScriptAssemblies/Unity.Mobile.AndroidLogcat.Editor.dll, this assembly can cause crashes in the runtime

Native extension for WindowsStandalone target not found
Native extension for WebGL target not found
Refreshing native plugins compatible for Editor in 0.52 ms, found 1 plugins.
Preloading 0 native plugins for Editor in 0.00 ms.
Invoked RoslynAnalysisRunner static constructor.
RoslynAnalysisRunner will not be running.
RoslynAnalysisRunner has terminated.
Mono: successfully reloaded assembly
- Completed reload, in  1.053 seconds
Platform modules already initialized, skipping
Refreshing native plugins compatible for Editor in 0.55 ms, found 1 plugins.
Preloading 0 native plugins for Editor in 0.00 ms.
Unloading 1923 Unused Serialized files (Serialized files now loaded: 0)
System memory in use before: 90.8 MB.
System memory in use after: 90.8 MB.

Unloading 25 unused Assets to reduce memory usage. Loaded Objects now: 2404.
Total: 2.342900 ms (FindLiveObjects: 0.302200 ms CreateObjectMapping: 0.096700 ms MarkObjects: 1.784700 ms  DeleteObjects: 0.157100 ms)

========================================================================
Received Prepare
Registering precompiled user dll's ...
Registered in 0.001183 seconds.
Begin MonoManager ReloadAssembly
Error: Could not load signature of Unity.Android.Logcat.AndroidLogcat:.ctor due to: Could not load file or assembly 'UnityEditor.Android.Extensions, Version=1.0.0.0, Culture=neutral, PublicKeyToken=null' or one of its dependencies. assembly:UnityEditor.Android.Extensions, Version=1.0.0.0, Culture=neutral, PublicKeyToken=null type:<unknown type> member:(null) signature:<none>

Unloading broken assembly Library/ScriptAssemblies/Unity.Mobile.AndroidLogcat.Editor.dll, this assembly can cause crashes in the runtime

Native extension for WindowsStandalone target not found
Native extension for WebGL target not found
Refreshing native plugins compatible for Editor in 0.59 ms, found 1 plugins.
Preloading 0 native plugins for Editor in 0.00 ms.
Invoked RoslynAnalysisRunner static constructor.
RoslynAnalysisRunner will not be running.
RoslynAnalysisRunner has terminated.
Mono: successfully reloaded assembly
- Completed reload, in  1.062 seconds
Platform modules already initialized, skipping
Refreshing native plugins compatible for Editor in 0.80 ms, found 1 plugins.
Preloading 0 native plugins for Editor in 0.00 ms.
Unloading 1923 Unused Serialized files (Serialized files now loaded: 0)
System memory in use before: 90.9 MB.
System memory in use after: 90.9 MB.

Unloading 25 unused Assets to reduce memory usage. Loaded Objects now: 2407.
Total: 2.695600 ms (FindLiveObjects: 0.380500 ms CreateObjectMapping: 0.084800 ms MarkObjects: 2.008200 ms  DeleteObjects: 0.221200 ms)

========================================================================
Received Prepare
Registering precompiled user dll's ...
Registered in 0.001387 seconds.
Begin MonoManager ReloadAssembly
Error: Could not load signature of Unity.Android.Logcat.AndroidLogcat:.ctor due to: Could not load file or assembly 'UnityEditor.Android.Extensions, Version=1.0.0.0, Culture=neutral, PublicKeyToken=null' or one of its dependencies. assembly:UnityEditor.Android.Extensions, Version=1.0.0.0, Culture=neutral, PublicKeyToken=null type:<unknown type> member:(null) signature:<none>

Unloading broken assembly Library/ScriptAssemblies/Unity.Mobile.AndroidLogcat.Editor.dll, this assembly can cause crashes in the runtime

Native extension for WindowsStandalone target not found
Native extension for WebGL target not found
Refreshing native plugins compatible for Editor in 0.60 ms, found 1 plugins.
Preloading 0 native plugins for Editor in 0.00 ms.
Invoked RoslynAnalysisRunner static constructor.
RoslynAnalysisRunner will not be running.
RoslynAnalysisRunner has terminated.
Mono: successfully reloaded assembly
- Completed reload, in  1.068 seconds
Platform modules already initialized, skipping
Refreshing native plugins compatible for Editor in 0.59 ms, found 1 plugins.
Preloading 0 native plugins for Editor in 0.00 ms.
Unloading 1923 Unused Serialized files (Serialized files now loaded: 0)
System memory in use before: 90.9 MB.
System memory in use after: 90.9 MB.

Unloading 25 unused Assets to reduce memory usage. Loaded Objects now: 2410.
Total: 2.284100 ms (FindLiveObjects: 0.265900 ms CreateObjectMapping: 0.084200 ms MarkObjects: 1.769900 ms  DeleteObjects: 0.163000 ms)

========================================================================
Received Prepare
Registering precompiled user dll's ...
Registered in 0.001164 seconds.
Begin MonoManager ReloadAssembly
Error: Could not load signature of Unity.Android.Logcat.AndroidLogcat:.ctor due to: Could not load file or assembly 'UnityEditor.Android.Extensions, Version=1.0.0.0, Culture=neutral, PublicKeyToken=null' or one of its dependencies. assembly:UnityEditor.Android.Extensions, Version=1.0.0.0, Culture=neutral, PublicKeyToken=null type:<unknown type> member:(null) signature:<none>

Unloading broken assembly Library/ScriptAssemblies/Unity.Mobile.AndroidLogcat.Editor.dll, this assembly can cause crashes in the runtime

Native extension for WindowsStandalone target not found
Native extension for WebGL target not found
Refreshing native plugins compatible for Editor in 0.56 ms, found 1 plugins.
Preloading 0 native plugins for Editor in 0.00 ms.
Invoked RoslynAnalysisRunner static constructor.
RoslynAnalysisRunner will not be running.
RoslynAnalysisRunner has terminated.
Mono: successfully reloaded assembly
- Completed reload, in  1.145 seconds
Platform modules already initialized, skipping
Refreshing native plugins compatible for Editor in 0.54 ms, found 1 plugins.
Preloading 0 native plugins for Editor in 0.00 ms.
Unloading 1923 Unused Serialized files (Serialized files now loaded: 0)
System memory in use before: 90.2 MB.
System memory in use after: 90.2 MB.

Unloading 25 unused Assets to reduce memory usage. Loaded Objects now: 2413.
Total: 2.623500 ms (FindLiveObjects: 0.448800 ms CreateObjectMapping: 0.158400 ms MarkObjects: 1.856900 ms  DeleteObjects: 0.158600 ms)

========================================================================
Received Prepare
Registering precompiled user dll's ...
Registered in 0.001171 seconds.
Begin MonoManager ReloadAssembly
Error: Could not load signature of Unity.Android.Logcat.AndroidLogcat:.ctor due to: Could not load file or assembly 'UnityEditor.Android.Extensions, Version=1.0.0.0, Culture=neutral, PublicKeyToken=null' or one of its dependencies. assembly:UnityEditor.Android.Extensions, Version=1.0.0.0, Culture=neutral, PublicKeyToken=null type:<unknown type> member:(null) signature:<none>

Unloading broken assembly Library/ScriptAssemblies/Unity.Mobile.AndroidLogcat.Editor.dll, this assembly can cause crashes in the runtime

Native extension for WindowsStandalone target not found
Native extension for WebGL target not found
Refreshing native plugins compatible for Editor in 0.54 ms, found 1 plugins.
Preloading 0 native plugins for Editor in 0.00 ms.
Invoked RoslynAnalysisRunner static constructor.
RoslynAnalysisRunner will not be running.
RoslynAnalysisRunner has terminated.
Mono: successfully reloaded assembly
- Completed reload, in  1.089 seconds
Platform modules already initialized, skipping
Refreshing native plugins compatible for Editor in 0.53 ms, found 1 plugins.
Preloading 0 native plugins for Editor in 0.00 ms.
Unloading 1923 Unused Serialized files (Serialized files now loaded: 0)
System memory in use before: 90.3 MB.
System memory in use after: 90.3 MB.

Unloading 25 unused Assets to reduce memory usage. Loaded Objects now: 2416.
Total: 2.680900 ms (FindLiveObjects: 0.422300 ms CreateObjectMapping: 0.149500 ms MarkObjects: 1.944000 ms  DeleteObjects: 0.163900 ms)

========================================================================
Received Prepare
Registering precompiled user dll's ...
Registered in 0.001341 seconds.
Begin MonoManager ReloadAssembly
Error: Could not load signature of Unity.Android.Logcat.AndroidLogcat:.ctor due to: Could not load file or assembly 'UnityEditor.Android.Extensions, Version=1.0.0.0, Culture=neutral, PublicKeyToken=null' or one of its dependencies. assembly:UnityEditor.Android.Extensions, Version=1.0.0.0, Culture=neutral, PublicKeyToken=null type:<unknown type> member:(null) signature:<none>

Unloading broken assembly Library/ScriptAssemblies/Unity.Mobile.AndroidLogcat.Editor.dll, this assembly can cause crashes in the runtime

Native extension for WindowsStandalone target not found
Native extension for WebGL target not found
Refreshing native plugins compatible for Editor in 0.58 ms, found 1 plugins.
Preloading 0 native plugins for Editor in 0.00 ms.
Invoked RoslynAnalysisRunner static constructor.
RoslynAnalysisRunner will not be running.
RoslynAnalysisRunner has terminated.
Mono: successfully reloaded assembly
- Completed reload, in  1.093 seconds
Platform modules already initialized, skipping
Refreshing native plugins compatible for Editor in 0.53 ms, found 1 plugins.
Preloading 0 native plugins for Editor in 0.00 ms.
Unloading 1923 Unused Serialized files (Serialized files now loaded: 0)
System memory in use before: 90.5 MB.
System memory in use after: 90.5 MB.

Unloading 25 unused Assets to reduce memory usage. Loaded Objects now: 2419.
Total: 2.719700 ms (FindLiveObjects: 0.293700 ms CreateObjectMapping: 0.114800 ms MarkObjects: 2.122600 ms  DeleteObjects: 0.187000 ms)

========================================================================
Received Prepare
Registering precompiled user dll's ...
Registered in 0.001790 seconds.
Begin MonoManager ReloadAssembly
Error: Could not load signature of Unity.Android.Logcat.AndroidLogcat:.ctor due to: Could not load file or assembly 'UnityEditor.Android.Extensions, Version=1.0.0.0, Culture=neutral, PublicKeyToken=null' or one of its dependencies. assembly:UnityEditor.Android.Extensions, Version=1.0.0.0, Culture=neutral, PublicKeyToken=null type:<unknown type> member:(null) signature:<none>

Unloading broken assembly Library/ScriptAssemblies/Unity.Mobile.AndroidLogcat.Editor.dll, this assembly can cause crashes in the runtime

Native extension for WindowsStandalone target not found
Native extension for WebGL target not found
Refreshing native plugins compatible for Editor in 0.50 ms, found 1 plugins.
Preloading 0 native plugins for Editor in 0.00 ms.
Invoked RoslynAnalysisRunner static constructor.
RoslynAnalysisRunner will not be running.
RoslynAnalysisRunner has terminated.
Mono: successfully reloaded assembly
- Completed reload, in  1.128 seconds
Platform modules already initialized, skipping
Refreshing native plugins compatible for Editor in 0.58 ms, found 1 plugins.
Preloading 0 native plugins for Editor in 0.00 ms.
Unloading 1923 Unused Serialized files (Serialized files now loaded: 0)
System memory in use before: 90.6 MB.
System memory in use after: 90.6 MB.

Unloading 25 unused Assets to reduce memory usage. Loaded Objects now: 2422.
Total: 2.791700 ms (FindLiveObjects: 0.636800 ms CreateObjectMapping: 0.224300 ms MarkObjects: 1.761800 ms  DeleteObjects: 0.167600 ms)

========================================================================
Received Prepare
Registering precompiled user dll's ...
Registered in 0.001264 seconds.
Begin MonoManager ReloadAssembly
Error: Could not load signature of Unity.Android.Logcat.AndroidLogcat:.ctor due to: Could not load file or assembly 'UnityEditor.Android.Extensions, Version=1.0.0.0, Culture=neutral, PublicKeyToken=null' or one of its dependencies. assembly:UnityEditor.Android.Extensions, Version=1.0.0.0, Culture=neutral, PublicKeyToken=null type:<unknown type> member:(null) signature:<none>

Unloading broken assembly Library/ScriptAssemblies/Unity.Mobile.AndroidLogcat.Editor.dll, this assembly can cause crashes in the runtime

Native extension for WindowsStandalone target not found
Native extension for WebGL target not found
Refreshing native plugins compatible for Editor in 0.66 ms, found 1 plugins.
Preloading 0 native plugins for Editor in 0.00 ms.
Invoked RoslynAnalysisRunner static constructor.
RoslynAnalysisRunner will not be running.
RoslynAnalysisRunner has terminated.
Mono: successfully reloaded assembly
- Completed reload, in  1.243 seconds
Platform modules already initialized, skipping
Refreshing native plugins compatible for Editor in 0.55 ms, found 1 plugins.
Preloading 0 native plugins for Editor in 0.00 ms.
Unloading 1923 Unused Serialized files (Serialized files now loaded: 0)
System memory in use before: 90.7 MB.
System memory in use after: 90.7 MB.

Unloading 25 unused Assets to reduce memory usage. Loaded Objects now: 2425.
Total: 2.447100 ms (FindLiveObjects: 0.202900 ms CreateObjectMapping: 0.111500 ms MarkObjects: 1.957000 ms  DeleteObjects: 0.174400 ms)

========================================================================
Received Prepare
Registering precompiled user dll's ...
Registered in 0.001217 seconds.
Begin MonoManager ReloadAssembly
Error: Could not load signature of Unity.Android.Logcat.AndroidLogcat:.ctor due to: Could not load file or assembly 'UnityEditor.Android.Extensions, Version=1.0.0.0, Culture=neutral, PublicKeyToken=null' or one of its dependencies. assembly:UnityEditor.Android.Extensions, Version=1.0.0.0, Culture=neutral, PublicKeyToken=null type:<unknown type> member:(null) signature:<none>

Unloading broken assembly Library/ScriptAssemblies/Unity.Mobile.AndroidLogcat.Editor.dll, this assembly can cause crashes in the runtime

Native extension for WindowsStandalone target not found
Native extension for WebGL target not found
Refreshing native plugins compatible for Editor in 0.71 ms, found 1 plugins.
Preloading 0 native plugins for Editor in 0.00 ms.
Invoked RoslynAnalysisRunner static constructor.
RoslynAnalysisRunner will not be running.
RoslynAnalysisRunner has terminated.
Mono: successfully reloaded assembly
- Completed reload, in  1.110 seconds
Platform modules already initialized, skipping
Refreshing native plugins compatible for Editor in 0.56 ms, found 1 plugins.
Preloading 0 native plugins for Editor in 0.00 ms.
Unloading 1923 Unused Serialized files (Serialized files now loaded: 0)
System memory in use before: 90.9 MB.
System memory in use after: 90.9 MB.

Unloading 25 unused Assets to reduce memory usage. Loaded Objects now: 2428.
Total: 2.619500 ms (FindLiveObjects: 0.270500 ms CreateObjectMapping: 0.107300 ms MarkObjects: 2.066500 ms  DeleteObjects: 0.173400 ms)

========================================================================
Received Prepare
Registering precompiled user dll's ...
Registered in 0.001238 seconds.
Begin MonoManager ReloadAssembly
Error: Could not load signature of Unity.Android.Logcat.AndroidLogcat:.ctor due to: Could not load file or assembly 'UnityEditor.Android.Extensions, Version=1.0.0.0, Culture=neutral, PublicKeyToken=null' or one of its dependencies. assembly:UnityEditor.Android.Extensions, Version=1.0.0.0, Culture=neutral, PublicKeyToken=null type:<unknown type> member:(null) signature:<none>

Unloading broken assembly Library/ScriptAssemblies/Unity.Mobile.AndroidLogcat.Editor.dll, this assembly can cause crashes in the runtime

Native extension for WindowsStandalone target not found
Native extension for WebGL target not found
Refreshing native plugins compatible for Editor in 0.51 ms, found 1 plugins.
Preloading 0 native plugins for Editor in 0.00 ms.
Invoked RoslynAnalysisRunner static constructor.
RoslynAnalysisRunner will not be running.
RoslynAnalysisRunner has terminated.
Mono: successfully reloaded assembly
- Completed reload, in  1.178 seconds
Platform modules already initialized, skipping
Refreshing native plugins compatible for Editor in 0.57 ms, found 1 plugins.
Preloading 0 native plugins for Editor in 0.00 ms.
Unloading 1923 Unused Serialized files (Serialized files now loaded: 0)
System memory in use before: 91.0 MB.
System memory in use after: 91.0 MB.

Unloading 25 unused Assets to reduce memory usage. Loaded Objects now: 2431.
Total: 2.704100 ms (FindLiveObjects: 0.240500 ms CreateObjectMapping: 0.099400 ms MarkObjects: 2.226700 ms  DeleteObjects: 0.135100 ms)

========================================================================
Received Prepare
Registering precompiled user dll's ...
Registered in 0.001166 seconds.
Begin MonoManager ReloadAssembly
Error: Could not load signature of Unity.Android.Logcat.AndroidLogcat:.ctor due to: Could not load file or assembly 'UnityEditor.Android.Extensions, Version=1.0.0.0, Culture=neutral, PublicKeyToken=null' or one of its dependencies. assembly:UnityEditor.Android.Extensions, Version=1.0.0.0, Culture=neutral, PublicKeyToken=null type:<unknown type> member:(null) signature:<none>

Unloading broken assembly Library/ScriptAssemblies/Unity.Mobile.AndroidLogcat.Editor.dll, this assembly can cause crashes in the runtime

Native extension for WindowsStandalone target not found
Native extension for WebGL target not found
Refreshing native plugins compatible for Editor in 0.65 ms, found 1 plugins.
Preloading 0 native plugins for Editor in 0.00 ms.
Invoked RoslynAnalysisRunner static constructor.
RoslynAnalysisRunner will not be running.
RoslynAnalysisRunner has terminated.
Mono: successfully reloaded assembly
- Completed reload, in  1.338 seconds
Platform modules already initialized, skipping
Refreshing native plugins compatible for Editor in 0.69 ms, found 1 plugins.
Preloading 0 native plugins for Editor in 0.00 ms.
Unloading 1923 Unused Serialized files (Serialized files now loaded: 0)
System memory in use before: 90.2 MB.
System memory in use after: 90.2 MB.

Unloading 25 unused Assets to reduce memory usage. Loaded Objects now: 2434.
Total: 2.737000 ms (FindLiveObjects: 0.350900 ms CreateObjectMapping: 0.119700 ms MarkObjects: 2.132500 ms  DeleteObjects: 0.132200 ms)

========================================================================
Received Prepare
Refreshing native plugins compatible for Editor in 12.46 ms, found 1 plugins.
Preloading 0 native plugins for Editor in 0.00 ms.
Unloading 26 Unused Serialized files (Serialized files now loaded: 0)
System memory in use before: 52.6 MB.
System memory in use after: 52.6 MB.

Unloading 23 unused Assets to reduce memory usage. Loaded Objects now: 2434.
Total: 3.796500 ms (FindLiveObjects: 0.376200 ms CreateObjectMapping: 0.157300 ms MarkObjects: 3.088700 ms  DeleteObjects: 0.172300 ms)

========================================================================
Received Prepare
Registering precompiled user dll's ...
Registered in 0.001214 seconds.
Begin MonoManager ReloadAssembly
Error: Could not load signature of Unity.Android.Logcat.AndroidLogcat:.ctor due to: Could not load file or assembly 'UnityEditor.Android.Extensions, Version=1.0.0.0, Culture=neutral, PublicKeyToken=null' or one of its dependencies. assembly:UnityEditor.Android.Extensions, Version=1.0.0.0, Culture=neutral, PublicKeyToken=null type:<unknown type> member:(null) signature:<none>

Unloading broken assembly Library/ScriptAssemblies/Unity.Mobile.AndroidLogcat.Editor.dll, this assembly can cause crashes in the runtime

Native extension for WindowsStandalone target not found
Native extension for WebGL target not found
Refreshing native plugins compatible for Editor in 1.38 ms, found 1 plugins.
Preloading 0 native plugins for Editor in 0.00 ms.
Invoked RoslynAnalysisRunner static constructor.
RoslynAnalysisRunner will not be running.
RoslynAnalysisRunner has terminated.
Mono: successfully reloaded assembly
- Completed reload, in  1.359 seconds
Platform modules already initialized, skipping
Refreshing native plugins compatible for Editor in 0.61 ms, found 1 plugins.
Preloading 0 native plugins for Editor in 0.00 ms.
Unloading 1922 Unused Serialized files (Serialized files now loaded: 0)
System memory in use before: 90.4 MB.
System memory in use after: 90.4 MB.

Unloading 25 unused Assets to reduce memory usage. Loaded Objects now: 2437.
Total: 3.321100 ms (FindLiveObjects: 0.320400 ms CreateObjectMapping: 0.081200 ms MarkObjects: 2.004400 ms  DeleteObjects: 0.913800 ms)

